#
# There is insufficient memory for the Java Runtime Environment to continue.
# Native memory allocation (malloc) failed to allocate 891456 bytes for Chunk::new
# Possible reasons:
#   The system is out of physical RAM or swap space
#   The process is running with CompressedOops enabled, and the Java Heap may be blocking the growth of the native heap
# Possible solutions:
#   Reduce memory load on the system
#   Increase physical memory or swap space
#   Check if swap backing store is full
#   Decrease Java heap size (-Xmx/-Xms)
#   Decrease number of Java threads
#   Decrease Java thread stack sizes (-Xss)
#   Set larger code cache with -XX:ReservedCodeCacheSize=
#   JVM is running with Unscaled Compressed Oops mode in which the Java heap is
#     placed in the first 4GB address space. The Java Heap base address is the
#     maximum limit for the native heap growth. Please use -XX:HeapBaseMinAddress
#     to set the Java Heap base and to place the Java Heap above 4GB virtual address.
# This output file may be truncated or incomplete.
#
#  Out of Memory Error (arena.cpp:184), pid=27676, tid=31692
#
# JRE version: Java(TM) SE Runtime Environment (19.0.1+10) (build 19.0.1+10-21)
# Java VM: Java HotSpot(TM) 64-Bit Server VM (19.0.1+10-21, mixed mode, sharing, tiered, compressed oops, compressed class ptrs, g1 gc, windows-amd64)
# No core dump will be written. Minidumps are not enabled by default on client versions of Windows
#

---------------  S U M M A R Y ------------

Command Line: -XX:+ShowCodeDetailsInExceptionMessages com.ecommerce.EcomProjectApplication

Host: 11th Gen Intel(R) Core(TM) i5-11400H @ 2.70GHz, 12 cores, 7G,  Windows 11 , 64 bit Build 22621 (10.0.22621.5415)
Time: Sat Jun 28 14:31:41 2025 India Standard Time elapsed time: 30.545058 seconds (0d 0h 0m 30s)

---------------  T H R E A D  ---------------

Current thread (0x0000027b74353cd0):  JavaThread "C2 CompilerThread0" daemon [_thread_in_native, id=31692, stack(0x0000009382100000,0x0000009382200000)]


Current CompileTask:
C2:  30545 8591 % !   4       java.util.concurrent.ConcurrentHashMap::transfer @ 96 (849 bytes)

Stack: [0x0000009382100000,0x0000009382200000]
Native frames: (J=compiled Java code, j=interpreted, Vv=VM code, C=native code)
V  [jvm.dll+0x6ee8fa]
V  [jvm.dll+0x857a1e]
V  [jvm.dll+0x85940e]
V  [jvm.dll+0x859ac3]
V  [jvm.dll+0x28291f]
V  [jvm.dll+0xc9b5f]
V  [jvm.dll+0xc9ee5]
V  [jvm.dll+0x3bcbac]
V  [jvm.dll+0x386201]
V  [jvm.dll+0x38567a]
V  [jvm.dll+0x24c2c9]
V  [jvm.dll+0x24b671]
V  [jvm.dll+0x1d6d61]
V  [jvm.dll+0x25b0fa]
V  [jvm.dll+0x259588]
V  [jvm.dll+0x807928]
V  [jvm.dll+0x8015fa]
V  [jvm.dll+0x6ed5eb]
C  [ucrtbase.dll+0x29333]
C  [KERNEL32.DLL+0x1259d]
C  [ntdll.dll+0x5af78]


---------------  P R O C E S S  ---------------

Threads class SMR info:
_java_thread_list=0x0000027b7b59e2c0, length=31, elements={
0x0000027b74340de0, 0x0000027b743415e0, 0x0000027b743455c0, 0x0000027b74346b10,
0x0000027b74347050, 0x0000027b74347d30, 0x0000027b74353cd0, 0x0000027b74358400,
0x0000027b7435bef0, 0x0000027b7862b3d0, 0x0000027b78633ba0, 0x0000027b7aafbe50,
0x0000027b7aad9010, 0x0000027b7b0fe9c0, 0x0000027b79be18b0, 0x0000027b7b6501a0,
0x0000027b7b650c40, 0x0000027b7b64b740, 0x0000027b7b64ec60, 0x0000027b7b64c730,
0x0000027b7b64a200, 0x0000027b7b64a750, 0x0000027b7b6516e0, 0x0000027b7b64aca0,
0x0000027b7b64e1c0, 0x0000027b7b64b1f0, 0x0000027b7b64f700, 0x0000027b7b64cc80,
0x0000027b7b64d1d0, 0x0000027b7b64d720, 0x0000027b7b651c30
}

Java Threads: ( => current thread )
  0x0000027b74340de0 JavaThread "Reference Handler" daemon [_thread_blocked, id=20528, stack(0x0000009381b00000,0x0000009381c00000)]
  0x0000027b743415e0 JavaThread "Finalizer" daemon [_thread_blocked, id=4104, stack(0x0000009381c00000,0x0000009381d00000)]
  0x0000027b743455c0 JavaThread "Signal Dispatcher" daemon [_thread_blocked, id=31412, stack(0x0000009381d00000,0x0000009381e00000)]
  0x0000027b74346b10 JavaThread "Attach Listener" daemon [_thread_blocked, id=32896, stack(0x0000009381e00000,0x0000009381f00000)]
  0x0000027b74347050 JavaThread "Service Thread" daemon [_thread_blocked, id=28724, stack(0x0000009381f00000,0x0000009382000000)]
  0x0000027b74347d30 JavaThread "Monitor Deflation Thread" daemon [_thread_blocked, id=18980, stack(0x0000009382000000,0x0000009382100000)]
=>0x0000027b74353cd0 JavaThread "C2 CompilerThread0" daemon [_thread_in_native, id=31692, stack(0x0000009382100000,0x0000009382200000)]
  0x0000027b74358400 JavaThread "C1 CompilerThread0" daemon [_thread_blocked, id=31476, stack(0x0000009382200000,0x0000009382300000)]
  0x0000027b7435bef0 JavaThread "Sweeper thread" daemon [_thread_blocked, id=26660, stack(0x0000009382300000,0x0000009382400000)]
  0x0000027b7862b3d0 JavaThread "Notification Thread" daemon [_thread_blocked, id=30408, stack(0x0000009382400000,0x0000009382500000)]
  0x0000027b78633ba0 JavaThread "Common-Cleaner" daemon [_thread_blocked, id=29080, stack(0x0000009382600000,0x0000009382700000)]
  0x0000027b7aafbe50 JavaThread "Catalina-utility-1" [_thread_blocked, id=28040, stack(0x0000009383500000,0x0000009383600000)]
  0x0000027b7aad9010 JavaThread "Catalina-utility-2" [_thread_blocked, id=16088, stack(0x0000009383600000,0x0000009383700000)]
  0x0000027b7b0fe9c0 JavaThread "container-0" [_thread_blocked, id=18896, stack(0x0000009383700000,0x0000009383800000)]
  0x0000027b79be18b0 JavaThread "mysql-cj-abandoned-connection-cleanup" daemon [_thread_blocked, id=24936, stack(0x0000009383800000,0x0000009383900000)]
  0x0000027b7b6501a0 JavaThread "HikariPool-1 housekeeper" daemon [_thread_blocked, id=18708, stack(0x0000009383a00000,0x0000009383b00000)]
  0x0000027b7b650c40 JavaThread "File Watcher" daemon [_thread_blocked, id=29020, stack(0x0000009383c00000,0x0000009383d00000)]
  0x0000027b7b64b740 JavaThread "Live Reload Server" daemon [_thread_in_native, id=22712, stack(0x0000009383e00000,0x0000009383f00000)]
  0x0000027b7b64ec60 JavaThread "http-nio-8080-exec-1" daemon [_thread_blocked, id=7888, stack(0x0000009383d00000,0x0000009383e00000)]
  0x0000027b7b64c730 JavaThread "http-nio-8080-exec-2" daemon [_thread_blocked, id=24888, stack(0x0000009383f00000,0x0000009384000000)]
  0x0000027b7b64a200 JavaThread "http-nio-8080-exec-3" daemon [_thread_blocked, id=14404, stack(0x0000009384000000,0x0000009384100000)]
  0x0000027b7b64a750 JavaThread "http-nio-8080-exec-4" daemon [_thread_blocked, id=21788, stack(0x0000009384100000,0x0000009384200000)]
  0x0000027b7b6516e0 JavaThread "http-nio-8080-exec-5" daemon [_thread_blocked, id=21040, stack(0x0000009384200000,0x0000009384300000)]
  0x0000027b7b64aca0 JavaThread "http-nio-8080-exec-6" daemon [_thread_blocked, id=15996, stack(0x0000009384300000,0x0000009384400000)]
  0x0000027b7b64e1c0 JavaThread "http-nio-8080-exec-7" daemon [_thread_blocked, id=30724, stack(0x0000009384400000,0x0000009384500000)]
  0x0000027b7b64b1f0 JavaThread "http-nio-8080-exec-8" daemon [_thread_blocked, id=21944, stack(0x0000009384500000,0x0000009384600000)]
  0x0000027b7b64f700 JavaThread "http-nio-8080-exec-9" daemon [_thread_blocked, id=11428, stack(0x0000009384600000,0x0000009384700000)]
  0x0000027b7b64cc80 JavaThread "http-nio-8080-exec-10" daemon [_thread_blocked, id=31180, stack(0x0000009384700000,0x0000009384800000)]
  0x0000027b7b64d1d0 JavaThread "http-nio-8080-Poller" daemon [_thread_in_native, id=32752, stack(0x0000009384800000,0x0000009384900000)]
  0x0000027b7b64d720 JavaThread "http-nio-8080-Acceptor" daemon [_thread_in_native, id=12148, stack(0x0000009384900000,0x0000009384a00000)]
  0x0000027b7b651c30 JavaThread "DestroyJavaVM" [_thread_blocked, id=26484, stack(0x0000009381400000,0x0000009381500000)]

Other Threads:
  0x0000027b74325cb0 VMThread "VM Thread" [stack: 0x0000009381a00000,0x0000009381b00000] [id=21320]
  0x0000027b7862dd30 WatcherThread "VM Periodic Task Thread" [stack: 0x0000009382500000,0x0000009382600000] [id=10492]
  0x0000027b559ad370 WorkerThread "GC Thread#0" [stack: 0x0000009381500000,0x0000009381600000] [id=19260]
  0x0000027b79307bc0 WorkerThread "GC Thread#1" [stack: 0x0000009382900000,0x0000009382a00000] [id=1688]
  0x0000027b792f04a0 WorkerThread "GC Thread#2" [stack: 0x0000009382a00000,0x0000009382b00000] [id=32844]
  0x0000027b79334150 WorkerThread "GC Thread#3" [stack: 0x0000009382b00000,0x0000009382c00000] [id=25384]
  0x0000027b79332da0 WorkerThread "GC Thread#4" [stack: 0x0000009382c00000,0x0000009382d00000] [id=33432]
  0x0000027b79333e80 WorkerThread "GC Thread#5" [stack: 0x0000009382d00000,0x0000009382e00000] [id=5584]
  0x0000027b79332530 WorkerThread "GC Thread#6" [stack: 0x0000009383000000,0x0000009383100000] [id=9924]
  0x0000027b79332ad0 WorkerThread "GC Thread#7" [stack: 0x0000009383100000,0x0000009383200000] [id=20312]
  0x0000027b79333610 WorkerThread "GC Thread#8" [stack: 0x0000009383200000,0x0000009383300000] [id=27580]
  0x0000027b79dc0600 WorkerThread "GC Thread#9" [stack: 0x0000009382f00000,0x0000009383000000] [id=26576]
  0x0000027b559c0760 ConcurrentGCThread "G1 Main Marker" [stack: 0x0000009381600000,0x0000009381700000] [id=30924]
  0x0000027b559c0fa0 WorkerThread "G1 Conc#0" [stack: 0x0000009381700000,0x0000009381800000] [id=21148]
  0x0000027b79dc38a0 WorkerThread "G1 Conc#1" [stack: 0x0000009383300000,0x0000009383400000] [id=5352]
  0x0000027b79dc35d0 WorkerThread "G1 Conc#2" [stack: 0x0000009383400000,0x0000009383500000] [id=23088]
  0x0000027b741df580 ConcurrentGCThread "G1 Refine#0" [stack: 0x0000009381800000,0x0000009381900000] [id=27452]
  0x0000027b741e1990 ConcurrentGCThread "G1 Service" [stack: 0x0000009381900000,0x0000009381a00000] [id=20472]

Threads with active compile tasks:
C2 CompilerThread0    30624 8591 % !   4       java.util.concurrent.ConcurrentHashMap::transfer @ 96 (849 bytes)

VM state: not at safepoint (normal execution)

VM Mutex/Monitor currently owned by a thread: None

Heap address: 0x0000000085a00000, size: 1958 MB, Compressed Oops mode: 32-bit

CDS archive(s) mapped at: [0x0000000800000000-0x0000000800c40000-0x0000000800c40000), size 12845056, SharedBaseAddress: 0x0000000800000000, ArchiveRelocationMode: 0.
Compressed class space mapped at: 0x0000000801000000-0x0000000841000000, reserved size: 1073741824
Narrow klass base: 0x0000000800000000, Narrow klass shift: 0, Narrow klass range: 0x100000000

GC Precious Log:
 CardTable entry size: 512
 Card Set container configuration: InlinePtr #cards 5 size 8 Array Of Cards #cards 12 size 40 Howl #buckets 4 coarsen threshold 1843 Howl Bitmap #cards 512 size 80 coarsen threshold 460 Card regions per heap region 1 cards per card region 2048
 CPUs: 12 total, 12 available
 Memory: 7830M
 Large Page Support: Disabled
 NUMA Support: Disabled
 Compressed Oops: Enabled (32-bit)
 Heap Region Size: 1M
 Heap Min Capacity: 8M
 Heap Initial Capacity: 124M
 Heap Max Capacity: 1958M
 Pre-touch: Disabled
 Parallel Workers: 10
 Concurrent Workers: 3
 Concurrent Refinement Workers: 10
 Periodic GC: Disabled

Heap:
 garbage-first heap   total 90112K, used 60127K [0x0000000085a00000, 0x0000000100000000)
  region size 1024K, 28 young (28672K), 5 survivors (5120K)
 Metaspace       used 85549K, committed 86272K, reserved 1179648K
  class space    used 11414K, committed 11776K, reserved 1048576K

Heap Regions: E=young(eden), S=young(survivor), O=old, HS=humongous(starts), HC=humongous(continues), CS=collection set, F=free, OA=open archive, CA=closed archive, TAMS=top-at-mark-start (previous, next)
|   0|0x0000000085a00000, 0x0000000085b00000, 0x0000000085b00000|100%|HS|  |TAMS 0x0000000085b00000, 0x0000000085a00000| Complete 
|   1|0x0000000085b00000, 0x0000000085c00000, 0x0000000085c00000|100%| O|  |TAMS 0x0000000085c00000, 0x0000000085b00000| Untracked 
|   2|0x0000000085c00000, 0x0000000085d00000, 0x0000000085d00000|100%| O|  |TAMS 0x0000000085d00000, 0x0000000085c00000| Untracked 
|   3|0x0000000085d00000, 0x0000000085e00000, 0x0000000085e00000|100%| O|  |TAMS 0x0000000085e00000, 0x0000000085d00000| Untracked 
|   4|0x0000000085e00000, 0x0000000085f00000, 0x0000000085f00000|100%| O|  |TAMS 0x0000000085f00000, 0x0000000085e00000| Untracked 
|   5|0x0000000085f00000, 0x0000000086000000, 0x0000000086000000|100%| O|  |TAMS 0x0000000086000000, 0x0000000085f00000| Untracked 
|   6|0x0000000086000000, 0x0000000086100000, 0x0000000086100000|100%| O|  |TAMS 0x0000000086100000, 0x0000000086000000| Untracked 
|   7|0x0000000086100000, 0x0000000086200000, 0x0000000086200000|100%| O|  |TAMS 0x0000000086200000, 0x0000000086100000| Untracked 
|   8|0x0000000086200000, 0x0000000086300000, 0x0000000086300000|100%| O|  |TAMS 0x0000000086300000, 0x0000000086200000| Untracked 
|   9|0x0000000086300000, 0x0000000086400000, 0x0000000086400000|100%| O|  |TAMS 0x0000000086400000, 0x0000000086300000| Untracked 
|  10|0x0000000086400000, 0x0000000086500000, 0x0000000086500000|100%| O|  |TAMS 0x0000000086500000, 0x0000000086400000| Untracked 
|  11|0x0000000086500000, 0x0000000086600000, 0x0000000086600000|100%| O|  |TAMS 0x0000000086600000, 0x0000000086500000| Untracked 
|  12|0x0000000086600000, 0x0000000086700000, 0x0000000086700000|100%| O|  |TAMS 0x0000000086700000, 0x0000000086600000| Untracked 
|  13|0x0000000086700000, 0x0000000086800000, 0x0000000086800000|100%| O|  |TAMS 0x0000000086800000, 0x0000000086700000| Untracked 
|  14|0x0000000086800000, 0x0000000086900000, 0x0000000086900000|100%| O|  |TAMS 0x0000000086900000, 0x0000000086800000| Untracked 
|  15|0x0000000086900000, 0x0000000086a00000, 0x0000000086a00000|100%| O|  |TAMS 0x0000000086a00000, 0x0000000086900000| Untracked 
|  16|0x0000000086a00000, 0x0000000086b00000, 0x0000000086b00000|100%| O|  |TAMS 0x0000000086a00000, 0x0000000086a00000| Untracked 
|  17|0x0000000086b00000, 0x0000000086c00000, 0x0000000086c00000|100%| O|  |TAMS 0x0000000086c00000, 0x0000000086b00000| Untracked 
|  18|0x0000000086c00000, 0x0000000086d00000, 0x0000000086d00000|100%| O|  |TAMS 0x0000000086c00000, 0x0000000086c00000| Untracked 
|  19|0x0000000086d00000, 0x0000000086e00000, 0x0000000086e00000|100%| O|  |TAMS 0x0000000086e00000, 0x0000000086d00000| Untracked 
|  20|0x0000000086e00000, 0x0000000086f00000, 0x0000000086f00000|100%| O|  |TAMS 0x0000000086f00000, 0x0000000086e00000| Untracked 
|  21|0x0000000086f00000, 0x0000000087000000, 0x0000000087000000|100%| O|  |TAMS 0x0000000087000000, 0x0000000086f00000| Untracked 
|  22|0x0000000087000000, 0x0000000087100000, 0x0000000087100000|100%| O|  |TAMS 0x0000000087100000, 0x0000000087000000| Untracked 
|  23|0x0000000087100000, 0x0000000087200000, 0x0000000087200000|100%| O|  |TAMS 0x0000000087200000, 0x0000000087100000| Untracked 
|  24|0x0000000087200000, 0x0000000087300000, 0x0000000087300000|100%| O|  |TAMS 0x0000000087300000, 0x0000000087200000| Untracked 
|  25|0x0000000087300000, 0x0000000087400000, 0x0000000087400000|100%| O|  |TAMS 0x0000000087400000, 0x0000000087300000| Untracked 
|  26|0x0000000087400000, 0x0000000087500000, 0x0000000087500000|100%| O|  |TAMS 0x0000000087500000, 0x0000000087400000| Untracked 
|  27|0x0000000087500000, 0x0000000087600000, 0x0000000087600000|100%| O|  |TAMS 0x0000000087589c00, 0x0000000087500000| Untracked 
|  28|0x0000000087600000, 0x0000000087700000, 0x0000000087700000|100%| O|  |TAMS 0x0000000087600000, 0x0000000087600000| Untracked 
|  29|0x0000000087700000, 0x0000000087800000, 0x0000000087800000|100%| O|  |TAMS 0x0000000087700000, 0x0000000087700000| Untracked 
|  30|0x0000000087800000, 0x0000000087900000, 0x0000000087900000|100%| O|  |TAMS 0x0000000087800000, 0x0000000087800000| Untracked 
|  31|0x0000000087900000, 0x0000000087a00000, 0x0000000087a00000|100%| O|  |TAMS 0x0000000087900000, 0x0000000087900000| Untracked 
|  32|0x0000000087a00000, 0x0000000087a16a00, 0x0000000087b00000|  8%| O|  |TAMS 0x0000000087a00000, 0x0000000087a00000| Untracked 
|  33|0x0000000087b00000, 0x0000000087b00000, 0x0000000087c00000|  0%| F|  |TAMS 0x0000000087b00000, 0x0000000087b00000| Untracked 
|  34|0x0000000087c00000, 0x0000000087c00000, 0x0000000087d00000|  0%| F|  |TAMS 0x0000000087c00000, 0x0000000087c00000| Untracked 
|  35|0x0000000087d00000, 0x0000000087d00000, 0x0000000087e00000|  0%| F|  |TAMS 0x0000000087d00000, 0x0000000087d00000| Untracked 
|  36|0x0000000087e00000, 0x0000000087e00000, 0x0000000087f00000|  0%| F|  |TAMS 0x0000000087e00000, 0x0000000087e00000| Untracked 
|  37|0x0000000087f00000, 0x0000000087f00000, 0x0000000088000000|  0%| F|  |TAMS 0x0000000087f00000, 0x0000000087f00000| Untracked 
|  38|0x0000000088000000, 0x0000000088000000, 0x0000000088100000|  0%| F|  |TAMS 0x0000000088000000, 0x0000000088000000| Untracked 
|  39|0x0000000088100000, 0x0000000088100000, 0x0000000088200000|  0%| F|  |TAMS 0x0000000088100000, 0x0000000088100000| Untracked 
|  40|0x0000000088200000, 0x0000000088200000, 0x0000000088300000|  0%| F|  |TAMS 0x0000000088200000, 0x0000000088200000| Untracked 
|  41|0x0000000088300000, 0x0000000088300000, 0x0000000088400000|  0%| F|  |TAMS 0x0000000088300000, 0x0000000088300000| Untracked 
|  42|0x0000000088400000, 0x0000000088400000, 0x0000000088500000|  0%| F|  |TAMS 0x0000000088400000, 0x0000000088400000| Untracked 
|  43|0x0000000088500000, 0x0000000088500000, 0x0000000088600000|  0%| F|  |TAMS 0x0000000088500000, 0x0000000088500000| Untracked 
|  44|0x0000000088600000, 0x0000000088600000, 0x0000000088700000|  0%| F|  |TAMS 0x0000000088600000, 0x0000000088600000| Untracked 
|  45|0x0000000088700000, 0x0000000088700000, 0x0000000088800000|  0%| F|  |TAMS 0x0000000088700000, 0x0000000088700000| Untracked 
|  46|0x0000000088800000, 0x0000000088800000, 0x0000000088900000|  0%| F|  |TAMS 0x0000000088800000, 0x0000000088800000| Untracked 
|  47|0x0000000088900000, 0x0000000088900000, 0x0000000088a00000|  0%| F|  |TAMS 0x0000000088900000, 0x0000000088900000| Untracked 
|  48|0x0000000088a00000, 0x0000000088a00000, 0x0000000088b00000|  0%| F|  |TAMS 0x0000000088a00000, 0x0000000088a00000| Untracked 
|  49|0x0000000088b00000, 0x0000000088ba1220, 0x0000000088c00000| 62%| S|CS|TAMS 0x0000000088b00000, 0x0000000088b00000| Complete 
|  50|0x0000000088c00000, 0x0000000088d00000, 0x0000000088d00000|100%| S|CS|TAMS 0x0000000088c00000, 0x0000000088c00000| Complete 
|  51|0x0000000088d00000, 0x0000000088e00000, 0x0000000088e00000|100%| S|CS|TAMS 0x0000000088d00000, 0x0000000088d00000| Complete 
|  52|0x0000000088e00000, 0x0000000088f00000, 0x0000000088f00000|100%| S|CS|TAMS 0x0000000088e00000, 0x0000000088e00000| Complete 
|  53|0x0000000088f00000, 0x0000000089000000, 0x0000000089000000|100%| S|CS|TAMS 0x0000000088f00000, 0x0000000088f00000| Complete 
|  54|0x0000000089000000, 0x0000000089000000, 0x0000000089100000|  0%| F|  |TAMS 0x0000000089000000, 0x0000000089000000| Untracked 
|  55|0x0000000089100000, 0x0000000089100000, 0x0000000089200000|  0%| F|  |TAMS 0x0000000089100000, 0x0000000089100000| Untracked 
|  56|0x0000000089200000, 0x0000000089200000, 0x0000000089300000|  0%| F|  |TAMS 0x0000000089200000, 0x0000000089200000| Untracked 
|  57|0x0000000089300000, 0x0000000089300000, 0x0000000089400000|  0%| F|  |TAMS 0x0000000089300000, 0x0000000089300000| Untracked 
|  58|0x0000000089400000, 0x0000000089400000, 0x0000000089500000|  0%| F|  |TAMS 0x0000000089400000, 0x0000000089400000| Untracked 
|  59|0x0000000089500000, 0x0000000089500000, 0x0000000089600000|  0%| F|  |TAMS 0x0000000089500000, 0x0000000089500000| Untracked 
|  60|0x0000000089600000, 0x0000000089600000, 0x0000000089700000|  0%| F|  |TAMS 0x0000000089600000, 0x0000000089600000| Untracked 
|  61|0x0000000089700000, 0x0000000089700000, 0x0000000089800000|  0%| F|  |TAMS 0x0000000089700000, 0x0000000089700000| Untracked 
|  62|0x0000000089800000, 0x0000000089800000, 0x0000000089900000|  0%| F|  |TAMS 0x0000000089800000, 0x0000000089800000| Untracked 
|  63|0x0000000089900000, 0x0000000089900000, 0x0000000089a00000|  0%| F|  |TAMS 0x0000000089900000, 0x0000000089900000| Untracked 
|  64|0x0000000089a00000, 0x0000000089a00000, 0x0000000089b00000|  0%| F|  |TAMS 0x0000000089a00000, 0x0000000089a00000| Untracked 
|  65|0x0000000089b00000, 0x0000000089b5b818, 0x0000000089c00000| 35%| E|  |TAMS 0x0000000089b00000, 0x0000000089b00000| Complete 
|  66|0x0000000089c00000, 0x0000000089d00000, 0x0000000089d00000|100%| E|CS|TAMS 0x0000000089c00000, 0x0000000089c00000| Complete 
|  67|0x0000000089d00000, 0x0000000089e00000, 0x0000000089e00000|100%| E|CS|TAMS 0x0000000089d00000, 0x0000000089d00000| Complete 
|  68|0x0000000089e00000, 0x0000000089f00000, 0x0000000089f00000|100%| E|CS|TAMS 0x0000000089e00000, 0x0000000089e00000| Complete 
|  69|0x0000000089f00000, 0x000000008a000000, 0x000000008a000000|100%| E|CS|TAMS 0x0000000089f00000, 0x0000000089f00000| Complete 
|  70|0x000000008a000000, 0x000000008a100000, 0x000000008a100000|100%| E|CS|TAMS 0x000000008a000000, 0x000000008a000000| Complete 
|  71|0x000000008a100000, 0x000000008a200000, 0x000000008a200000|100%| E|CS|TAMS 0x000000008a100000, 0x000000008a100000| Complete 
|  72|0x000000008a200000, 0x000000008a300000, 0x000000008a300000|100%| E|CS|TAMS 0x000000008a200000, 0x000000008a200000| Complete 
|  73|0x000000008a300000, 0x000000008a400000, 0x000000008a400000|100%| E|CS|TAMS 0x000000008a300000, 0x000000008a300000| Complete 
|  74|0x000000008a400000, 0x000000008a500000, 0x000000008a500000|100%| E|CS|TAMS 0x000000008a400000, 0x000000008a400000| Complete 
|  75|0x000000008a500000, 0x000000008a600000, 0x000000008a600000|100%| E|CS|TAMS 0x000000008a500000, 0x000000008a500000| Complete 
|  76|0x000000008a600000, 0x000000008a700000, 0x000000008a700000|100%| E|CS|TAMS 0x000000008a600000, 0x000000008a600000| Complete 
|  77|0x000000008a700000, 0x000000008a800000, 0x000000008a800000|100%| E|CS|TAMS 0x000000008a700000, 0x000000008a700000| Complete 
|  78|0x000000008a800000, 0x000000008a900000, 0x000000008a900000|100%| E|CS|TAMS 0x000000008a800000, 0x000000008a800000| Complete 
|  79|0x000000008a900000, 0x000000008aa00000, 0x000000008aa00000|100%| E|CS|TAMS 0x000000008a900000, 0x000000008a900000| Complete 
|  80|0x000000008aa00000, 0x000000008ab00000, 0x000000008ab00000|100%| E|CS|TAMS 0x000000008aa00000, 0x000000008aa00000| Complete 
|  81|0x000000008ab00000, 0x000000008ac00000, 0x000000008ac00000|100%| E|CS|TAMS 0x000000008ab00000, 0x000000008ab00000| Complete 
|  82|0x000000008ac00000, 0x000000008ad00000, 0x000000008ad00000|100%| E|CS|TAMS 0x000000008ac00000, 0x000000008ac00000| Complete 
|  83|0x000000008ad00000, 0x000000008ae00000, 0x000000008ae00000|100%| E|CS|TAMS 0x000000008ad00000, 0x000000008ad00000| Complete 
|  84|0x000000008ae00000, 0x000000008af00000, 0x000000008af00000|100%| E|CS|TAMS 0x000000008ae00000, 0x000000008ae00000| Complete 
|  85|0x000000008af00000, 0x000000008b000000, 0x000000008b000000|100%| E|CS|TAMS 0x000000008af00000, 0x000000008af00000| Complete 
|  86|0x000000008b000000, 0x000000008b100000, 0x000000008b100000|100%| E|CS|TAMS 0x000000008b000000, 0x000000008b000000| Complete 
| 123|0x000000008d500000, 0x000000008d600000, 0x000000008d600000|100%| E|CS|TAMS 0x000000008d500000, 0x000000008d500000| Complete 

Card table byte_map: [0x0000027b6d1c0000,0x0000027b6d5a0000] _byte_map_base: 0x0000027b6cd93000

Marking Bits (Prev, Next): (CMBitMap*) 0x0000027b559b07d0, (CMBitMap*) 0x0000027b559b0810
 Prev Bits: [0x0000027b6d980000, 0x0000027b6f818000)
 Next Bits: [0x0000027b6f820000, 0x0000027b716b8000)

Polling page: 0x0000027b538a0000

Metaspace:

Usage:
  Non-class:     72.40 MB used.
      Class:     11.15 MB used.
       Both:     83.54 MB used.

Virtual space:
  Non-class space:      128.00 MB reserved,      72.75 MB ( 57%) committed,  2 nodes.
      Class space:        1.00 GB reserved,      11.50 MB (  1%) committed,  1 nodes.
             Both:        1.12 GB reserved,      84.25 MB (  7%) committed. 

Chunk freelists:
   Non-Class:  3.14 MB
       Class:  544.00 KB
        Both:  3.67 MB

MaxMetaspaceSize: unlimited
CompressedClassSpaceSize: 1.00 GB
Initial GC threshold: 21.00 MB
Current GC threshold: 110.25 MB
CDS: on
MetaspaceReclaimPolicy: balanced
 - commit_granule_bytes: 65536.
 - commit_granule_words: 8192.
 - virtual_space_node_default_size: 8388608.
 - enlarge_chunks_in_place: 1.
 - new_chunks_are_fully_committed: 0.
 - uncommit_free_chunks: 1.
 - use_allocation_guard: 0.


Internal statistics:

num_allocs_failed_limit: 9.
num_arena_births: 1052.
num_arena_deaths: 0.
num_vsnodes_births: 3.
num_vsnodes_deaths: 0.
num_space_committed: 1348.
num_space_uncommitted: 0.
num_chunks_returned_to_freelist: 9.
num_chunks_taken_from_freelist: 3993.
num_chunk_merges: 9.
num_chunk_splits: 2989.
num_chunks_enlarged: 2443.
num_inconsistent_stats: 0.

CodeHeap 'non-profiled nmethods': size=120000Kb used=4692Kb max_used=4692Kb free=115307Kb
 bounds [0x0000027b65360000, 0x0000027b65800000, 0x0000027b6c890000]
CodeHeap 'profiled nmethods': size=120000Kb used=15332Kb max_used=15332Kb free=104667Kb
 bounds [0x0000027b5d890000, 0x0000027b5e790000, 0x0000027b64dc0000]
CodeHeap 'non-nmethods': size=5760Kb used=1525Kb max_used=1560Kb free=4234Kb
 bounds [0x0000027b64dc0000, 0x0000027b65030000, 0x0000027b65360000]
 total_blobs=8549 nmethods=7771 adapters=687
 compilation: enabled
              stopped_count=0, restarted_count=0
 full_count=0

Compilation events (20 events):
Event: 30.473 Thread 0x0000027b74358400 nmethod 8588 0x0000027b5e76f710 code [0x0000027b5e76f8e0, 0x0000027b5e76fce8]
Event: 30.473 Thread 0x0000027b74358400 8589       3       com.fasterxml.jackson.databind.introspect.AnnotationMap::get (21 bytes)
Event: 30.474 Thread 0x0000027b74358400 nmethod 8589 0x0000027b5e76fe10 code [0x0000027b5e76ffe0, 0x0000027b5e770328]
Event: 30.478 Thread 0x0000027b74353cd0 8590       4       java.util.LinkedHashMap$LinkedEntryIterator::next (5 bytes)
Event: 30.481 Thread 0x0000027b74353cd0 nmethod 8590 0x0000027b657f2490 code [0x0000027b657f2620, 0x0000027b657f2898]
Event: 30.490 Thread 0x0000027b74353cd0 8591 % !   4       java.util.concurrent.ConcurrentHashMap::transfer @ 96 (849 bytes)
Event: 30.512 Thread 0x0000027b74358400 8592       3       java.lang.invoke.VarHandleGuards::guard_LIL_V (135 bytes)
Event: 30.515 Thread 0x0000027b74358400 nmethod 8592 0x0000027b5e770410 code [0x0000027b5e770820, 0x0000027b5e772d88]
Event: 30.515 Thread 0x0000027b74358400 8596   !   3       jdk.internal.loader.AbstractClassLoaderValue::computeIfAbsent (113 bytes)
Event: 30.517 Thread 0x0000027b74358400 nmethod 8596 0x0000027b5e773890 code [0x0000027b5e773b40, 0x0000027b5e774b88]
Event: 30.517 Thread 0x0000027b74358400 8593       3       java.util.concurrent.atomic.AtomicReferenceArray::lazySet (13 bytes)
Event: 30.519 Thread 0x0000027b74358400 nmethod 8593 0x0000027b5e775190 code [0x0000027b5e775480, 0x0000027b5e776448]
Event: 30.519 Thread 0x0000027b74358400 8594       3       java.lang.invoke.VarHandleReferences$Array::setRelease (61 bytes)
Event: 30.520 Thread 0x0000027b74358400 nmethod 8594 0x0000027b5e776a90 code [0x0000027b5e776d40, 0x0000027b5e777b48]
Event: 30.534 Thread 0x0000027b74358400 8597       3       com.fasterxml.jackson.databind.AnnotationIntrospector::_findAnnotation (6 bytes)
Event: 30.534 Thread 0x0000027b74358400 nmethod 8597 0x0000027b5e778110 code [0x0000027b5e7782c0, 0x0000027b5e7784a8]
Event: 30.534 Thread 0x0000027b74358400 8598       1       com.fasterxml.jackson.databind.JavaType::getReferencedType (2 bytes)
Event: 30.534 Thread 0x0000027b74358400 nmethod 8598 0x0000027b657f2c90 code [0x0000027b657f2e20, 0x0000027b657f2ef8]
Event: 30.534 Thread 0x0000027b74358400 8599       1       com.fasterxml.jackson.databind.type.SimpleType::isContainerType (2 bytes)
Event: 30.534 Thread 0x0000027b74358400 nmethod 8599 0x0000027b657f2f90 code [0x0000027b657f3120, 0x0000027b657f31f8]

GC Heap History (20 events):
Event: 9.024 GC heap before
{Heap before GC invocations=19 (full 0):
 garbage-first heap   total 55296K, used 28452K [0x0000000085a00000, 0x0000000100000000)
  region size 1024K, 4 young (4096K), 3 survivors (3072K)
 Metaspace       used 64018K, committed 64704K, reserved 1114112K
  class space    used 8428K, committed 8704K, reserved 1048576K
}
Event: 9.027 GC heap after
{Heap after GC invocations=20 (full 0):
 garbage-first heap   total 55296K, used 27630K [0x0000000085a00000, 0x0000000100000000)
  region size 1024K, 1 young (1024K), 1 survivors (1024K)
 Metaspace       used 64018K, committed 64704K, reserved 1114112K
  class space    used 8428K, committed 8704K, reserved 1048576K
}
Event: 9.382 GC heap before
{Heap before GC invocations=20 (full 0):
 garbage-first heap   total 55296K, used 42990K [0x0000000085a00000, 0x0000000100000000)
  region size 1024K, 17 young (17408K), 1 survivors (1024K)
 Metaspace       used 66732K, committed 67392K, reserved 1114112K
  class space    used 8779K, committed 9088K, reserved 1048576K
}
Event: 9.385 GC heap after
{Heap after GC invocations=21 (full 0):
 garbage-first heap   total 55296K, used 28896K [0x0000000085a00000, 0x0000000100000000)
  region size 1024K, 2 young (2048K), 2 survivors (2048K)
 Metaspace       used 66732K, committed 67392K, reserved 1114112K
  class space    used 8779K, committed 9088K, reserved 1048576K
}
Event: 9.724 GC heap before
{Heap before GC invocations=22 (full 0):
 garbage-first heap   total 55296K, used 43232K [0x0000000085a00000, 0x0000000100000000)
  region size 1024K, 17 young (17408K), 2 survivors (2048K)
 Metaspace       used 69642K, committed 70336K, reserved 1114112K
  class space    used 9241K, committed 9600K, reserved 1048576K
}
Event: 9.727 GC heap after
{Heap after GC invocations=23 (full 0):
 garbage-first heap   total 55296K, used 30612K [0x0000000085a00000, 0x0000000100000000)
  region size 1024K, 2 young (2048K), 2 survivors (2048K)
 Metaspace       used 69642K, committed 70336K, reserved 1114112K
  class space    used 9241K, committed 9600K, reserved 1048576K
}
Event: 9.756 GC heap before
{Heap before GC invocations=23 (full 0):
 garbage-first heap   total 55296K, used 31636K [0x0000000085a00000, 0x0000000100000000)
  region size 1024K, 3 young (3072K), 2 survivors (2048K)
 Metaspace       used 70018K, committed 70656K, reserved 1114112K
  class space    used 9349K, committed 9664K, reserved 1048576K
}
Event: 9.759 GC heap after
{Heap after GC invocations=24 (full 0):
 garbage-first heap   total 55296K, used 30690K [0x0000000085a00000, 0x0000000100000000)
  region size 1024K, 1 young (1024K), 1 survivors (1024K)
 Metaspace       used 70018K, committed 70656K, reserved 1114112K
  class space    used 9349K, committed 9664K, reserved 1048576K
}
Event: 9.965 GC heap before
{Heap before GC invocations=24 (full 0):
 garbage-first heap   total 55296K, used 42978K [0x0000000085a00000, 0x0000000100000000)
  region size 1024K, 14 young (14336K), 1 survivors (1024K)
 Metaspace       used 72098K, committed 72768K, reserved 1114112K
  class space    used 9715K, committed 10048K, reserved 1048576K
}
Event: 9.967 GC heap after
{Heap after GC invocations=25 (full 0):
 garbage-first heap   total 55296K, used 31329K [0x0000000085a00000, 0x0000000100000000)
  region size 1024K, 1 young (1024K), 1 survivors (1024K)
 Metaspace       used 72098K, committed 72768K, reserved 1114112K
  class space    used 9715K, committed 10048K, reserved 1048576K
}
Event: 10.091 GC heap before
{Heap before GC invocations=25 (full 0):
 garbage-first heap   total 55296K, used 44641K [0x0000000085a00000, 0x0000000100000000)
  region size 1024K, 14 young (14336K), 1 survivors (1024K)
 Metaspace       used 72415K, committed 73088K, reserved 1114112K
  class space    used 9740K, committed 10048K, reserved 1048576K
}
Event: 10.093 GC heap after
{Heap after GC invocations=26 (full 0):
 garbage-first heap   total 55296K, used 31927K [0x0000000085a00000, 0x0000000100000000)
  region size 1024K, 2 young (2048K), 2 survivors (2048K)
 Metaspace       used 72415K, committed 73088K, reserved 1114112K
  class space    used 9740K, committed 10048K, reserved 1048576K
}
Event: 10.357 GC heap before
{Heap before GC invocations=26 (full 0):
 garbage-first heap   total 55296K, used 45239K [0x0000000085a00000, 0x0000000100000000)
  region size 1024K, 15 young (15360K), 2 survivors (2048K)
 Metaspace       used 73540K, committed 74240K, reserved 1114112K
  class space    used 9883K, committed 10240K, reserved 1048576K
}
Event: 10.359 GC heap after
{Heap after GC invocations=27 (full 0):
 garbage-first heap   total 55296K, used 32907K [0x0000000085a00000, 0x0000000100000000)
  region size 1024K, 2 young (2048K), 2 survivors (2048K)
 Metaspace       used 73540K, committed 74240K, reserved 1114112K
  class space    used 9883K, committed 10240K, reserved 1048576K
}
Event: 10.622 GC heap before
{Heap before GC invocations=27 (full 0):
 garbage-first heap   total 55296K, used 45195K [0x0000000085a00000, 0x0000000100000000)
  region size 1024K, 14 young (14336K), 2 survivors (2048K)
 Metaspace       used 74863K, committed 75520K, reserved 1179648K
  class space    used 10057K, committed 10368K, reserved 1048576K
}
Event: 10.626 GC heap after
{Heap after GC invocations=28 (full 0):
 garbage-first heap   total 55296K, used 33933K [0x0000000085a00000, 0x0000000100000000)
  region size 1024K, 2 young (2048K), 2 survivors (2048K)
 Metaspace       used 74863K, committed 75520K, reserved 1179648K
  class space    used 10057K, committed 10368K, reserved 1048576K
}
Event: 10.844 GC heap before
{Heap before GC invocations=28 (full 0):
 garbage-first heap   total 55296K, used 44173K [0x0000000085a00000, 0x0000000100000000)
  region size 1024K, 13 young (13312K), 2 survivors (2048K)
 Metaspace       used 75657K, committed 76352K, reserved 1179648K
  class space    used 10182K, committed 10496K, reserved 1048576K
}
Event: 10.847 GC heap after
{Heap after GC invocations=29 (full 0):
 garbage-first heap   total 90112K, used 34906K [0x0000000085a00000, 0x0000000100000000)
  region size 1024K, 2 young (2048K), 2 survivors (2048K)
 Metaspace       used 75657K, committed 76352K, reserved 1179648K
  class space    used 10182K, committed 10496K, reserved 1048576K
}
Event: 24.914 GC heap before
{Heap before GC invocations=29 (full 0):
 garbage-first heap   total 90112K, used 69722K [0x0000000085a00000, 0x0000000100000000)
  region size 1024K, 36 young (36864K), 2 survivors (2048K)
 Metaspace       used 80168K, committed 80896K, reserved 1179648K
  class space    used 10796K, committed 11136K, reserved 1048576K
}
Event: 24.948 GC heap after
{Heap after GC invocations=30 (full 0):
 garbage-first heap   total 90112K, used 37599K [0x0000000085a00000, 0x0000000100000000)
  region size 1024K, 5 young (5120K), 5 survivors (5120K)
 Metaspace       used 80168K, committed 80896K, reserved 1179648K
  class space    used 10796K, committed 11136K, reserved 1048576K
}

Dll operation events (11 events):
Event: 0.016 Loaded shared library C:\Program Files\Java\jdk-19\bin\java.dll
Event: 0.032 Loaded shared library C:\Program Files\Java\jdk-19\bin\jsvml.dll
Event: 0.186 Loaded shared library C:\Program Files\Java\jdk-19\bin\net.dll
Event: 0.189 Loaded shared library C:\Program Files\Java\jdk-19\bin\nio.dll
Event: 0.193 Loaded shared library C:\Program Files\Java\jdk-19\bin\zip.dll
Event: 0.336 Loaded shared library C:\Program Files\Java\jdk-19\bin\jimage.dll
Event: 0.833 Loaded shared library C:\Program Files\Java\jdk-19\bin\management.dll
Event: 0.841 Loaded shared library C:\Program Files\Java\jdk-19\bin\management_ext.dll
Event: 2.252 Loaded shared library C:\Program Files\Java\jdk-19\bin\sunmscapi.dll
Event: 5.909 Loaded shared library C:\Program Files\Java\jdk-19\bin\verify.dll
Event: 6.477 Loaded shared library C:\Program Files\Java\jdk-19\bin\extnet.dll

Deoptimization events (20 events):
Event: 25.767 Thread 0x0000027b7b64ec60 Uncommon trap: trap_request=0xffffffd6 fr.pc=0x0000027b657c4208 relative=0x00000000000008c8
Event: 25.767 Thread 0x0000027b7b64ec60 Uncommon trap: reason=array_check action=maybe_recompile pc=0x0000027b657c4208 method=java.util.TimSort.reverseRange([Ljava/lang/Object;II)V @ 20 c2
Event: 25.767 Thread 0x0000027b7b64ec60 DEOPT PACKING pc=0x0000027b657c4208 sp=0x0000009383dfb310
Event: 25.767 Thread 0x0000027b7b64ec60 DEOPT UNPACKING pc=0x0000027b64e2a5a3 sp=0x0000009383dfb240 mode 2
Event: 27.773 Thread 0x0000027b7b64a750 Uncommon trap: trap_request=0xffffff45 fr.pc=0x0000027b65530498 relative=0x0000000000000258
Event: 27.773 Thread 0x0000027b7b64a750 Uncommon trap: reason=unstable_if action=reinterpret pc=0x0000027b65530498 method=java.lang.invoke.MethodType.equals(Ljava/lang/Object;)Z @ 11 c2
Event: 27.773 Thread 0x0000027b7b64a750 DEOPT PACKING pc=0x0000027b65530498 sp=0x00000093841fe2f0
Event: 27.774 Thread 0x0000027b7b64a750 DEOPT UNPACKING pc=0x0000027b64e2a5a3 sp=0x00000093841fe2b8 mode 2
Event: 27.774 Thread 0x0000027b7b64a750 Uncommon trap: trap_request=0xffffff54 fr.pc=0x0000027b656338a8 relative=0x0000000000000ee8
Event: 27.774 Thread 0x0000027b7b64a750 Uncommon trap: reason=speculate_null_assert action=make_not_entrant pc=0x0000027b656338a8 method=java.lang.invoke.MethodType$ConcurrentWeakInternSet.add(Ljava/lang/Object;)Ljava/lang/Object; @ 47 c2
Event: 27.774 Thread 0x0000027b7b64a750 DEOPT PACKING pc=0x0000027b656338a8 sp=0x00000093841fe4b0
Event: 27.774 Thread 0x0000027b7b64a750 DEOPT UNPACKING pc=0x0000027b64e2a5a3 sp=0x00000093841fe458 mode 2
Event: 29.257 Thread 0x0000027b7b64ec60 Uncommon trap: trap_request=0xffffffd6 fr.pc=0x0000027b657c4208 relative=0x00000000000008c8
Event: 29.257 Thread 0x0000027b7b64ec60 Uncommon trap: reason=array_check action=maybe_recompile pc=0x0000027b657c4208 method=java.util.TimSort.reverseRange([Ljava/lang/Object;II)V @ 20 c2
Event: 29.257 Thread 0x0000027b7b64ec60 DEOPT PACKING pc=0x0000027b657c4208 sp=0x0000009383dfb6f0
Event: 29.257 Thread 0x0000027b7b64ec60 DEOPT UNPACKING pc=0x0000027b64e2a5a3 sp=0x0000009383dfb620 mode 2
Event: 29.740 Thread 0x0000027b7b64ec60 Uncommon trap: trap_request=0xfffffff4 fr.pc=0x0000027b657b16a4 relative=0x0000000000000184
Event: 29.740 Thread 0x0000027b7b64ec60 Uncommon trap: reason=null_check action=make_not_entrant pc=0x0000027b657b16a4 method=java.lang.reflect.Array.newInstance(Ljava/lang/Class;I)Ljava/lang/Object; @ 2 c2
Event: 29.740 Thread 0x0000027b7b64ec60 DEOPT PACKING pc=0x0000027b657b16a4 sp=0x0000009383dfa4f0
Event: 29.740 Thread 0x0000027b7b64ec60 DEOPT UNPACKING pc=0x0000027b64e2a5a3 sp=0x0000009383dfa488 mode 2

Classes loaded (20 events):
Event: 25.802 Loading class java/util/ArrayList$SubList$2
Event: 25.803 Loading class java/util/ArrayList$SubList$2 done
Event: 25.845 Loading class java/time/format/DateTimeFormatterBuilder$ZoneTextPrinterParser
Event: 25.846 Loading class java/time/format/DateTimeFormatterBuilder$ZoneTextPrinterParser done
Event: 25.846 Loading class java/time/format/DateTimeFormatterBuilder$ReducedPrinterParser
Event: 25.847 Loading class java/time/format/DateTimeFormatterBuilder$ReducedPrinterParser done
Event: 29.766 Loading class java/util/AbstractMap$SimpleEntry
Event: 29.766 Loading class java/util/AbstractMap$SimpleEntry done
Event: 30.180 Loading class jdk/internal/reflect/MethodHandleBooleanFieldAccessorImpl
Event: 30.181 Loading class jdk/internal/reflect/MethodHandleBooleanFieldAccessorImpl done
Event: 30.285 Loading class java/math/BigDecimal$StringBuilderHelper
Event: 30.286 Loading class java/math/BigDecimal$StringBuilderHelper done
Event: 30.407 Loading class java/util/stream/LongStream
Event: 30.411 Loading class java/util/stream/LongStream done
Event: 30.412 Loading class java/util/stream/DoubleStream
Event: 30.412 Loading class java/util/stream/DoubleStream done
Event: 30.482 Loading class org/w3c/dom/Node
Event: 30.483 Loading class org/w3c/dom/Node done
Event: 30.483 Loading class org/w3c/dom/Document
Event: 30.483 Loading class org/w3c/dom/Document done

Classes unloaded (0 events):
No events

Classes redefined (0 events):
No events

Internal exceptions (20 events):
Event: 9.287 Thread 0x0000027b792e4260 Exception <a 'java/lang/IncompatibleClassChangeError'{0x000000008811fab8}: Found class java.lang.Object, but interface was expected> (0x000000008811fab8) 
thrown [s\open\src\hotspot\share\interpreter\linkResolver.cpp, line 841]
Event: 9.376 Thread 0x0000027b792e4260 Exception <a 'java/lang/IncompatibleClassChangeError'{0x0000000087fde428}: Found class java.lang.Object, but interface was expected> (0x0000000087fde428) 
thrown [s\open\src\hotspot\share\interpreter\linkResolver.cpp, line 841]
Event: 9.453 Thread 0x0000027b792e4260 Exception <a 'java/lang/NoSuchMethodError'{0x000000008a87eff0}: 'java.lang.Object java.lang.invoke.DirectMethodHandle$Holder.invokeStatic(java.lang.Object, int, java.lang.Object)'> (0x000000008a87eff0) 
thrown [s\open\src\hotspot\share\interpreter\linkResolver.cpp, line 774]
Event: 10.098 Thread 0x0000027b792e4260 Exception <a 'java/lang/NoSuchMethodError'{0x000000008d52b9b0}: 'void java.lang.invoke.Invokers$Holder.invokeExact_MT(java.lang.Object, java.lang.Object, int, java.lang.Object)'> (0x000000008d52b9b0) 
thrown [s\open\src\hotspot\share\interpreter\linkResolver.cpp, line 774]
Event: 10.238 Thread 0x0000027b792e4260 Exception <a 'java/lang/NoSuchMethodError'{0x000000008a2b64e8}: 'java.lang.Object java.lang.invoke.DirectMethodHandle$Holder.newInvokeSpecial(java.lang.Object, java.lang.Object, java.lang.Object, java.lang.Object, java.lang.Object, java.lang.Object, java.lang.Object, java.lang.Object)'> (0x000000008a2b64e8) 
thrown [s\open\src\hotspot\share\interpreter\linkResolver.cpp, line 774]
Event: 10.606 Thread 0x0000027b792e4260 Exception <a 'sun/nio/fs/WindowsException'{0x000000008841b2f8}> (0x000000008841b2f8) 
thrown [s\open\src\hotspot\share\prims\jni.cpp, line 517]
Event: 10.703 Thread 0x0000027b792e4260 Exception <a 'java/lang/IncompatibleClassChangeError'{0x000000008a6f4400}: Found class java.lang.Object, but interface was expected> (0x000000008a6f4400) 
thrown [s\open\src\hotspot\share\interpreter\linkResolver.cpp, line 841]
Event: 10.838 Thread 0x0000027b792e4260 Exception <a 'java/lang/NoSuchMethodError'{0x0000000088571358}: 'java.lang.Object java.lang.invoke.DirectMethodHandle$Holder.invokeInterface(java.lang.Object, java.lang.Object, java.lang.Object, java.lang.Object)'> (0x0000000088571358) 
thrown [s\open\src\hotspot\share\interpreter\linkResolver.cpp, line 774]
Event: 10.901 Thread 0x0000027b792e4260 Exception <a 'java/lang/NoSuchMethodError'{0x000000008af704d8}: 'void java.lang.invoke.DirectMethodHandle$Holder.invokeVirtual(java.lang.Object, java.lang.Object, long)'> (0x000000008af704d8) 
thrown [s\open\src\hotspot\share\interpreter\linkResolver.cpp, line 774]
Event: 10.984 Thread 0x0000027b792e4260 Exception <a 'java/lang/NoSuchMethodError'{0x000000008abfc2c0}: 'int java.lang.invoke.DirectMethodHandle$Holder.invokeStaticInit(java.lang.Object, java.lang.Object, java.lang.Object, java.lang.Object)'> (0x000000008abfc2c0) 
thrown [s\open\src\hotspot\share\interpreter\linkResolver.cpp, line 774]
Event: 11.077 Thread 0x0000027b792e4260 Exception <a 'java/lang/IncompatibleClassChangeError'{0x000000008a60ffc8}: Found class java.lang.Object, but interface was expected> (0x000000008a60ffc8) 
thrown [s\open\src\hotspot\share\interpreter\linkResolver.cpp, line 841]
Event: 11.300 Thread 0x0000027b792e4260 Exception <a 'java/lang/NoSuchMethodError'{0x0000000089c77678}: 'java.lang.Object java.lang.invoke.DirectMethodHandle$Holder.newInvokeSpecial(java.lang.Object, java.lang.Object, int, java.lang.Object, java.lang.Object)'> (0x0000000089c77678) 
thrown [s\open\src\hotspot\share\interpreter\linkResolver.cpp, line 774]
Event: 24.165 Thread 0x0000027b7b64ec60 Exception <a 'java/lang/NoSuchMethodError'{0x00000000896a02f0}: 'java.lang.Object java.lang.invoke.DirectMethodHandle$Holder.invokeSpecial(java.lang.Object, java.lang.Object, java.lang.Object, java.lang.Object, java.lang.Object, long)'> (0x00000000896a02f0) 
thrown [s\open\src\hotspot\share\interpreter\linkResolver.cpp, line 774]
Event: 24.167 Thread 0x0000027b7b64ec60 Exception <a 'java/lang/NoSuchMethodError'{0x00000000896a3cf8}: 'java.lang.Object java.lang.invoke.Invokers$Holder.linkToTargetMethod(java.lang.Object, java.lang.Object, java.lang.Object, long, java.lang.Object)'> (0x00000000896a3cf8) 
thrown [s\open\src\hotspot\share\interpreter\linkResolver.cpp, line 774]
Event: 25.800 Thread 0x0000027b7b64c730 Exception <a 'java/lang/NoSuchMethodError'{0x000000008a59b160}: 'java.lang.Object java.lang.invoke.DirectMethodHandle$Holder.invokeStatic(java.lang.Object, int, int)'> (0x000000008a59b160) 
thrown [s\open\src\hotspot\share\interpreter\linkResolver.cpp, line 774]
Event: 29.666 Thread 0x0000027b7b64ec60 Exception <a 'java/lang/IncompatibleClassChangeError'{0x000000008a118f60}: Found class java.lang.Object, but interface was expected> (0x000000008a118f60) 
thrown [s\open\src\hotspot\share\interpreter\linkResolver.cpp, line 841]
Event: 29.739 Thread 0x0000027b7b64ec60 Implicit null exception at 0x0000027b657b1533 to 0x0000027b657b1690
Event: 30.045 Thread 0x0000027b7b64ec60 Exception <a 'java/lang/NoSuchMethodError'{0x0000000089e43718}: 'void java.lang.invoke.DirectMethodHandle$Holder.invokeSpecialIFC(java.lang.Object, java.lang.Object, int, java.lang.Object, java.lang.Object, java.lang.Object, java.lang.Object)'> (0x0000000089e43718) 
thrown [s\open\src\hotspot\share\interpreter\linkResolver.cpp, line 774]
Event: 30.192 Thread 0x0000027b7b64ec60 Exception <a 'java/lang/IncompatibleClassChangeError'{0x0000000089eb30b8}: Found class java.lang.Object, but interface was expected> (0x0000000089eb30b8) 
thrown [s\open\src\hotspot\share\interpreter\linkResolver.cpp, line 841]
Event: 30.246 Thread 0x0000027b7b64ec60 Exception <a 'java/lang/NoSuchMethodError'{0x0000000089ee1180}: 'java.lang.Object java.lang.invoke.DirectMethodHandle$Holder.invokeInterface(java.lang.Object, java.lang.Object, java.lang.Object, java.lang.Object, java.lang.Object)'> (0x0000000089ee1180) 
thrown [s\open\src\hotspot\share\interpreter\linkResolver.cpp, line 774]

VM Operations (20 events):
Event: 24.911 Executing VM operation: G1CollectForAllocation
Event: 24.948 Executing VM operation: G1CollectForAllocation done
Event: 25.381 Executing VM operation: HandshakeAllThreads
Event: 25.381 Executing VM operation: HandshakeAllThreads done
Event: 25.770 Executing VM operation: ICBufferFull
Event: 25.771 Executing VM operation: ICBufferFull done
Event: 26.785 Executing VM operation: Cleanup
Event: 26.785 Executing VM operation: Cleanup done
Event: 27.798 Executing VM operation: Cleanup
Event: 27.798 Executing VM operation: Cleanup done
Event: 28.811 Executing VM operation: Cleanup
Event: 28.812 Executing VM operation: Cleanup done
Event: 29.712 Executing VM operation: HandshakeAllThreads
Event: 29.712 Executing VM operation: HandshakeAllThreads done
Event: 29.774 Executing VM operation: HandshakeAllThreads
Event: 29.775 Executing VM operation: HandshakeAllThreads done
Event: 30.437 Executing VM operation: HandshakeAllThreads
Event: 30.437 Executing VM operation: HandshakeAllThreads done
Event: 30.437 Executing VM operation: Cleanup
Event: 30.437 Executing VM operation: Cleanup done

Events (20 events):
Event: 11.288 Thread 0x0000027b7b6516e0 Thread exited: 0x0000027b7b6516e0
Event: 11.288 Thread 0x0000027b7b64b740 Thread added: 0x0000027b7b64b740
Event: 11.316 Thread 0x0000027b7b64ec60 Thread added: 0x0000027b7b64ec60
Event: 11.316 Thread 0x0000027b7b64c730 Thread added: 0x0000027b7b64c730
Event: 11.317 Thread 0x0000027b7b64a200 Thread added: 0x0000027b7b64a200
Event: 11.317 Thread 0x0000027b7b64a750 Thread added: 0x0000027b7b64a750
Event: 11.317 Thread 0x0000027b7b6516e0 Thread added: 0x0000027b7b6516e0
Event: 11.317 Thread 0x0000027b7b64aca0 Thread added: 0x0000027b7b64aca0
Event: 11.317 Thread 0x0000027b7b64e1c0 Thread added: 0x0000027b7b64e1c0
Event: 11.317 Thread 0x0000027b7b64b1f0 Thread added: 0x0000027b7b64b1f0
Event: 11.317 Thread 0x0000027b7b64f700 Thread added: 0x0000027b7b64f700
Event: 11.317 Thread 0x0000027b7b64cc80 Thread added: 0x0000027b7b64cc80
Event: 11.348 Thread 0x0000027b7b64d1d0 Thread added: 0x0000027b7b64d1d0
Event: 11.352 Thread 0x0000027b7b64d720 Thread added: 0x0000027b7b64d720
Event: 11.375 Thread 0x0000027b792e4260 Thread exited: 0x0000027b792e4260
Event: 11.379 Thread 0x0000027b791061d0 Thread exited: 0x0000027b791061d0
Event: 11.380 Thread 0x0000027b559482a0 Thread exited: 0x0000027b559482a0
Event: 11.380 Thread 0x0000027b7b651c30 Thread added: 0x0000027b7b651c30
Event: 11.900 Thread 0x0000027b74357e70 Thread exited: 0x0000027b74357e70
Event: 12.616 Thread 0x0000027b7b651190 Thread exited: 0x0000027b7b651190


Dynamic libraries:
0x00007ff6fa3b0000 - 0x00007ff6fa3c0000 	C:\Program Files\Java\jdk-19\bin\java.exe
0x00007ffab6d70000 - 0x00007ffab6f87000 	C:\WINDOWS\SYSTEM32\ntdll.dll
0x00007ffab5d00000 - 0x00007ffab5dc4000 	C:\WINDOWS\System32\KERNEL32.DLL
0x00007ffab4200000 - 0x00007ffab45d2000 	C:\WINDOWS\System32\KERNELBASE.dll
0x00007ffab45e0000 - 0x00007ffab46f1000 	C:\WINDOWS\System32\ucrtbase.dll
0x00007ffaa09e0000 - 0x00007ffaa09fb000 	C:\Program Files\Java\jdk-19\bin\VCRUNTIME140.dll
0x00007ffaa2c60000 - 0x00007ffaa2c78000 	C:\Program Files\Java\jdk-19\bin\jli.dll
0x00007ffab59f0000 - 0x00007ffab5aa1000 	C:\WINDOWS\System32\ADVAPI32.dll
0x00007ffab4a10000 - 0x00007ffab4ab7000 	C:\WINDOWS\System32\msvcrt.dll
0x00007ffab6350000 - 0x00007ffab63f8000 	C:\WINDOWS\System32\sechost.dll
0x00007ffab4860000 - 0x00007ffab4888000 	C:\WINDOWS\System32\bcrypt.dll
0x00007ffab6070000 - 0x00007ffab6184000 	C:\WINDOWS\System32\RPCRT4.dll
0x00007ffab5ea0000 - 0x00007ffab6051000 	C:\WINDOWS\System32\USER32.dll
0x00007ffab4700000 - 0x00007ffab4726000 	C:\WINDOWS\System32\win32u.dll
0x00007ffa97190000 - 0x00007ffa9742b000 	C:\WINDOWS\WinSxS\amd64_microsoft.windows.common-controls_6595b64144ccf1df_6.0.22621.5415_none_270d77d17387d7da\COMCTL32.dll
0x00007ffab56e0000 - 0x00007ffab5709000 	C:\WINDOWS\System32\GDI32.dll
0x00007ffab4730000 - 0x00007ffab4853000 	C:\WINDOWS\System32\gdi32full.dll
0x00007ffab4020000 - 0x00007ffab40ba000 	C:\WINDOWS\System32\msvcp_win.dll
0x00007ffaaaba0000 - 0x00007ffaaabaa000 	C:\WINDOWS\SYSTEM32\VERSION.dll
0x00007ffab5dd0000 - 0x00007ffab5e01000 	C:\WINDOWS\System32\IMM32.DLL
0x00007ffaac280000 - 0x00007ffaac28c000 	C:\Program Files\Java\jdk-19\bin\vcruntime140_1.dll
0x00007ffa5bb10000 - 0x00007ffa5bb9e000 	C:\Program Files\Java\jdk-19\bin\msvcp140.dll
0x00007ff9bb460000 - 0x00007ff9bc120000 	C:\Program Files\Java\jdk-19\bin\server\jvm.dll
0x00007ffaab7e0000 - 0x00007ffaab814000 	C:\WINDOWS\SYSTEM32\WINMM.dll
0x00007ffa8e950000 - 0x00007ffa8e959000 	C:\WINDOWS\SYSTEM32\WSOCK32.dll
0x00007ffab5e10000 - 0x00007ffab5e81000 	C:\WINDOWS\System32\WS2_32.dll
0x00007ffab2f80000 - 0x00007ffab2f98000 	C:\WINDOWS\SYSTEM32\kernel.appcore.dll
0x00007ffaa5610000 - 0x00007ffaa561a000 	C:\Program Files\Java\jdk-19\bin\jimage.dll
0x00007ffab1a80000 - 0x00007ffab1cb3000 	C:\WINDOWS\SYSTEM32\DBGHELP.DLL
0x00007ffab6400000 - 0x00007ffab6793000 	C:\WINDOWS\System32\combase.dll
0x00007ffab5710000 - 0x00007ffab57e7000 	C:\WINDOWS\System32\OLEAUT32.dll
0x00007ffaa1fc0000 - 0x00007ffaa1ff2000 	C:\WINDOWS\SYSTEM32\dbgcore.DLL
0x00007ffab4180000 - 0x00007ffab41fb000 	C:\WINDOWS\System32\bcryptPrimitives.dll
0x00007ffaa07c0000 - 0x00007ffaa07e6000 	C:\Program Files\Java\jdk-19\bin\java.dll
0x00007ffa4d1b0000 - 0x00007ffa4d287000 	C:\Program Files\Java\jdk-19\bin\jsvml.dll
0x00007ffab4e30000 - 0x00007ffab56d2000 	C:\WINDOWS\System32\SHELL32.dll
0x00007ffab3e60000 - 0x00007ffab3f9f000 	C:\WINDOWS\System32\wintypes.dll
0x00007ffab1da0000 - 0x00007ffab26be000 	C:\WINDOWS\SYSTEM32\windows.storage.dll
0x00007ffab5810000 - 0x00007ffab591b000 	C:\WINDOWS\System32\SHCORE.dll
0x00007ffab6230000 - 0x00007ffab6299000 	C:\WINDOWS\System32\shlwapi.dll
0x00007ffab3d90000 - 0x00007ffab3dbb000 	C:\WINDOWS\SYSTEM32\profapi.dll
0x00007ffaa08b0000 - 0x00007ffaa08c3000 	C:\Program Files\Java\jdk-19\bin\net.dll
0x00007ffaab610000 - 0x00007ffaab73c000 	C:\WINDOWS\SYSTEM32\WINHTTP.dll
0x00007ffab3400000 - 0x00007ffab3469000 	C:\WINDOWS\system32\mswsock.dll
0x00007ffaa0880000 - 0x00007ffaa0896000 	C:\Program Files\Java\jdk-19\bin\nio.dll
0x00007ffaa07a0000 - 0x00007ffaa07b8000 	C:\Program Files\Java\jdk-19\bin\zip.dll
0x00007ffaa3bd0000 - 0x00007ffaa3bda000 	C:\Program Files\Java\jdk-19\bin\management.dll
0x00007ffaa2c50000 - 0x00007ffaa2c5b000 	C:\Program Files\Java\jdk-19\bin\management_ext.dll
0x00007ffab4a00000 - 0x00007ffab4a08000 	C:\WINDOWS\System32\PSAPI.DLL
0x00007ffaa0860000 - 0x00007ffaa086e000 	C:\Program Files\Java\jdk-19\bin\sunmscapi.dll
0x00007ffab4890000 - 0x00007ffab49f7000 	C:\WINDOWS\System32\CRYPT32.dll
0x00007ffab3810000 - 0x00007ffab383d000 	C:\WINDOWS\SYSTEM32\ncrypt.dll
0x00007ffab37d0000 - 0x00007ffab3807000 	C:\WINDOWS\SYSTEM32\NTASN1.dll
0x00007ffab3650000 - 0x00007ffab366b000 	C:\WINDOWS\SYSTEM32\CRYPTSP.dll
0x00007ffab2ee0000 - 0x00007ffab2f17000 	C:\WINDOWS\system32\rsaenh.dll
0x00007ffab34f0000 - 0x00007ffab3518000 	C:\WINDOWS\SYSTEM32\USERENV.dll
0x00007ffab3670000 - 0x00007ffab367c000 	C:\WINDOWS\SYSTEM32\CRYPTBASE.dll
0x00007ffab29d0000 - 0x00007ffab29fd000 	C:\WINDOWS\SYSTEM32\IPHLPAPI.DLL
0x00007ffab6060000 - 0x00007ffab6069000 	C:\WINDOWS\System32\NSI.dll
0x00007ffaab2f0000 - 0x00007ffaab309000 	C:\WINDOWS\SYSTEM32\dhcpcsvc6.DLL
0x00007ffaab2d0000 - 0x00007ffaab2ef000 	C:\WINDOWS\SYSTEM32\dhcpcsvc.DLL
0x00007ffab2a00000 - 0x00007ffab2af8000 	C:\WINDOWS\SYSTEM32\DNSAPI.dll
0x00007ffaa09d0000 - 0x00007ffaa09e0000 	C:\Program Files\Java\jdk-19\bin\verify.dll
0x0000000071000000 - 0x0000000071026000 	C:\Program Files\Bonjour\mdnsNSP.dll
0x00007ffaa9b30000 - 0x00007ffaa9b3a000 	C:\Windows\System32\rasadhlp.dll
0x00007ffaaa9c0000 - 0x00007ffaaaa44000 	C:\WINDOWS\System32\fwpuclnt.dll
0x00007ffaa0790000 - 0x00007ffaa0798000 	C:\Program Files\Java\jdk-19\bin\extnet.dll
0x00007ffaabed0000 - 0x00007ffaabed8000 	C:\WINDOWS\system32\wshunix.dll

dbghelp: loaded successfully - version: 4.0.5 - missing functions: none
symbol engine: initialized successfully - sym options: 0x614 - pdb path: .;C:\Program Files\Java\jdk-19\bin;C:\WINDOWS\SYSTEM32;C:\WINDOWS\WinSxS\amd64_microsoft.windows.common-controls_6595b64144ccf1df_6.0.22621.5415_none_270d77d17387d7da;C:\Program Files\Java\jdk-19\bin\server;C:\Program Files\Bonjour

VM Arguments:
jvm_args: -XX:+ShowCodeDetailsInExceptionMessages 
java_command: com.ecommerce.EcomProjectApplication
java_class_path (initial): C:\Users\ranja\Desktop\Ecom-Project\target\classes;C:\Users\ranja\.m2\repository\org\springframework\boot\spring-boot-starter-security\3.3.1\spring-boot-starter-security-3.3.1.jar;C:\Users\ranja\.m2\repository\org\springframework\boot\spring-boot-starter\3.3.1\spring-boot-starter-3.3.1.jar;C:\Users\ranja\.m2\repository\org\springframework\boot\spring-boot-starter-logging\3.3.1\spring-boot-starter-logging-3.3.1.jar;C:\Users\ranja\.m2\repository\ch\qos\logback\logback-classic\1.5.6\logback-classic-1.5.6.jar;C:\Users\ranja\.m2\repository\ch\qos\logback\logback-core\1.5.6\logback-core-1.5.6.jar;C:\Users\ranja\.m2\repository\org\apache\logging\log4j\log4j-to-slf4j\2.23.1\log4j-to-slf4j-2.23.1.jar;C:\Users\ranja\.m2\repository\org\apache\logging\log4j\log4j-api\2.23.1\log4j-api-2.23.1.jar;C:\Users\ranja\.m2\repository\org\slf4j\jul-to-slf4j\2.0.13\jul-to-slf4j-2.0.13.jar;C:\Users\ranja\.m2\repository\jakarta\annotation\jakarta.annotation-api\2.1.1\jakarta.annotation-api-2.1.1.jar;C:\Users\ranja\.m2\repository\org\yaml\snakeyaml\2.2\snakeyaml-2.2.jar;C:\Users\ranja\.m2\repository\org\springframework\spring-aop\6.1.10\spring-aop-6.1.10.jar;C:\Users\ranja\.m2\repository\org\springframework\spring-beans\6.1.10\spring-beans-6.1.10.jar;C:\Users\ranja\.m2\repository\org\springframework\security\spring-security-config\6.3.1\spring-security-config-6.3.1.jar;C:\Users\ranja\.m2\repository\org\springframework\security\spring-security-core\6.3.1\spring-security-core-6.3.1.jar;C:\Users\ranja\.m2\repository\org\springframework\security\spring-security-crypto\6.3.1\spring-security-crypto-6.3.1.jar;C:\Users\ranja\.m2\repository\org\springframework\spring-context\6.1.10\spring-context-6.1.10.jar;C:\Users\ranja\.m2\repository\org\springframework\security\spring-security-web\6.3.1\spring-security-web-6.3.1.jar;C:\Users\ranja\.m2\repository\org\springframework\spring-expression\6.1.10\spring-expression-6.1.10.jar;C:\Users\ranja\.m2\repository\org\springframework\boot\spring-boot-starter-thymeleaf\3.3.1\spring-boot-starter-thymeleaf-3.3.1.jar;C:\Users\ranja\.m2\repository\org\thymeleaf\thymeleaf-spring6\3.1.2.RELEASE\thymeleaf-spring6-3.1.2.RELEASE.jar;C:\Users\ranja\.m2\repository\org\thymeleaf\thymeleaf\3.1.2.RELEASE\thymeleaf-3.1.2.RELEASE.jar;C:\Users\ranja\.m2\repository\org\attoparser\attoparser\2.0.7.RELEASE\attoparser-2.0.7.RELEASE.jar;C:\Users\ranja\.m2\repository\org\unbescape\unbescape\1.1.6.RELEASE\unbescape-1.1.6.RELEASE.jar;C:\Users\ranja\.m2\repository\org\thymeleaf\extras\thymeleaf-extras-springsecurity6\3.1.2.RELEASE\thymeleaf-extras-springsecurity6-3.1.2.RELEASE.jar;C:\Users\ranja\.m2\repository\org\slf4j\slf4j-api\2.0.13\slf4j-api-2.0.13.jar;C:\Users\ranja\.m2\repository\org\springframework\boot\spring-boot-starter-validation\3.3.1\spring-boot-starter-validation-3.3.1.jar;C:\Users\ranja\.m2\repository\org\apache\tomcat\embed\tomcat-embed-el\10.1.25\tomcat-embed-el-10.1.25.jar;C:\Users\ranja\.m2\repository\org\hibernate\validator\hibernate-validator\8.0.1.Final\hibernate-validator-8.0.1.Final.jar;C:\Users\ranja\.m2\repository\jakarta\validation\jakarta.validation-api\3.0.2\jakarta.validation-api-3.0.2.jar;C:\Users\ranja\.m2\repository\org\jboss\logging\jboss-logging\3.5.3.Final\jboss-logging-3.5.3.Final.jar;C:\Users\ranja\.m2\repository\com\fasterxml\classmate\1.7.0\classmate-1.7.0.jar;C:\Users\ranja\.m2\repository\org\springframework\boot\spring-boot-starter-data-jpa\3.3.1\spring-boot-starter-data-jpa-3.3.1.jar;C:\Users\ranja\.m2\repository\org\springframework\boot\spring-boot-starter-aop\3.3.1\spring-boot-starter-aop-3.3.1.jar;C:\Users\ranja\.m2\repository\org\aspectj\aspectjweaver\1.9.22\aspectjweaver-1.9.22.jar;C:\Users\ranja\.m2\repository\org\springframework\boot\spring-boot-starter-jdbc\3.3.1\spring-boot-starter-jdbc-3.3.1.jar;C:\Users\ranja\.m2\repository\com\zaxxer\HikariCP\5.1.0\HikariCP-5.1.0.jar;C:\Users\ranja\.m2\repository\org\springframework\spring-jdbc\6.1.10\spring-jdbc-6.1.10.jar;C:\Users\ranja\.m2\repository\org\hibernate\orm\hibernate-core\6.5.2.Final\hibernate-core-6.5.2.Final.jar;C:\Users\ranja\.m2\repository\jakarta\persistence\jakarta.persistence-api\3.1.0\jakarta.persistence-api-3.1.0.jar;C:\Users\ranja\.m2\repository\jakarta\transaction\jakarta.transaction-api\2.0.1\jakarta.transaction-api-2.0.1.jar;C:\Users\ranja\.m2\repository\org\hibernate\common\hibernate-commons-annotations\6.0.6.Final\hibernate-commons-annotations-6.0.6.Final.jar;C:\Users\ranja\.m2\repository\io\smallrye\jandex\3.1.2\jandex-3.1.2.jar;C:\Users\ranja\.m2\repository\net\bytebuddy\byte-buddy\1.14.17\byte-buddy-1.14.17.jar;C:\Users\ranja\.m2\repository\org\glassfish\jaxb\jaxb-runtime\4.0.5\jaxb-runtime-4.0.5.jar;C:\Users\ranja\.m2\repository\org\glassfish\jaxb\jaxb-core\4.0.5\jaxb-core-4.0.5.jar;C:\Users\ranja\.m2\repository\org\eclipse\angus\angus-activation\2.0.2\angus-activation-2.0.2.jar;C:\Users\ranja\.m2\repository\org\glassfish\jaxb\txw2\4.0.5\txw2-4.0.5.jar;C:\Users\ranja\.m2\repository\com\sun\istack\istack-commons-runtime\4.1.2\istack-commons-runtime-4.1.2.jar;C:\Users\ranja\.m2\repository\jakarta\inject\jakarta.inject-api\2.0.1\jakarta.inject-api-2.0.1.jar;C:\Users\ranja\.m2\repository\org\antlr\antlr4-runtime\4.13.0\antlr4-runtime-4.13.0.jar;C:\Users\ranja\.m2\repository\org\springframework\data\spring-data-jpa\3.3.1\spring-data-jpa-3.3.1.jar;C:\Users\ranja\.m2\repository\org\springframework\data\spring-data-commons\3.3.1\spring-data-commons-3.3.1.jar;C:\Users\ranja\.m2\repository\org\springframework\spring-orm\6.1.10\spring-orm-6.1.10.jar;C:\Users\ranja\.m2\repository\org\springframework\spring-tx\6.1.10\spring-tx-6.1.10.jar;C:\Users\ranja\.m2\repository\org\springframework\spring-aspects\6.1.10\spring-aspects-6.1.10.jar;C:\Users\ranja\.m2\repository\org\springframework\boot\spring-boot-starter-web\3.3.1\spring-boot-starter-web-3.3.1.jar;C:\Users\ranja\.m2\repository\org\springframework\boot\spring-boot-starter-json\3.3.1\spring-boot-starter-json-3.3.1.jar;C:\Users\ranja\.m2\repository\com\fasterxml\jackson\core\jackson-databind\2.17.1\jackson-databind-2.17.1.jar;C:\Users\ranja\.m2\repository\com\fasterxml\jackson\core\jackson-annotations\2.17.1\jackson-annotations-2.17.1.jar;C:\Users\ranja\.m2\repository\com\fasterxml\jackson\core\jackson-core\2.17.1\jackson-core-2.17.1.jar;C:\Users\ranja\.m2\repository\com\fasterxml\jackson\datatype\jackson-datatype-jdk8\2.17.1\jackson-datatype-jdk8-2.17.1.jar;C:\Users\ranja\.m2\repository\com\fasterxml\jackson\datatype\jackson-datatype-jsr310\2.17.1\jackson-datatype-jsr310-2.17.1.jar;C:\Users\ranja\.m2\repository\com\fasterxml\jackson\module\jackson-module-parameter-names\2.17.1\jackson-module-parameter-names-2.17.1.jar;C:\Users\ranja\.m2\repository\org\springframework\boot\spring-boot-starter-tomcat\3.3.1\spring-boot-starter-tomcat-3.3.1.jar;C:\Users\ranja\.m2\repository\org\apache\tomcat\embed\tomcat-embed-core\10.1.25\tomcat-embed-core-10.1.25.jar;C:\Users\ranja\.m2\repository\org\apache\tomcat\embed\tomcat-embed-websocket\10.1.25\tomcat-embed-websocket-10.1.25.jar;C:\Users\ranja\.m2\repository\org\springframework\spring-web\6.1.10\spring-web-6.1.10.jar;C:\Users\ranja\.m2\repository\io\micrometer\micrometer-observation\1.13.1\micrometer-observation-1.13.1.jar;C:\Users\ranja\.m2\repository\io\micrometer\micrometer-commons\1.13.1\micrometer-commons-1.13.1.jar;C:\Users\ranja\.m2\repository\org\springframework\spring-webmvc\6.1.10\spring-webmvc-6.1.10.jar;C:\Users\ranja\.m2\repository\org\springframework\boot\spring-boot-devtools\3.3.1\spring-boot-devtools-3.3.1.jar;C:\Users\ranja\.m2\repository\org\springframework\boot\spring-boot\3.3.1\spring-boot-3.3.1.jar;C:\Users\ranja\.m2\repository\org\springframework\boot\spring-boot-autoconfigure\3.3.1\spring-boot-autoconfigure-3.3.1.jar;C:\Users\ranja\.m2\repository\com\mysql\mysql-connector-j\8.3.0\mysql-connector-j-8.3.0.jar;C:\Users\ranja\.m2\repository\org\projectlombok\lombok\1.18.32\lombok-1.18.32.jar;C:\Users\ranja\.m2\repository\jakarta\xml\bind\jakarta.xml.bind-api\4.0.2\jakarta.xml.bind-api-4.0.2.jar;C:\Users\ranja\.m2\repository\jakarta\activation\jakarta.activation-api\2.1.3\jakarta.activation-api-2.1.3.jar;C:\Users\ranja\.m2\repository\org\springframework\spring-core\6.1.10\spring-core-6.1.10.jar;C:\Users\ranja\.m2\repository\org\springframework\spring-jcl\6.1.10\spring-jcl-6.1.10.jar;C:\Users\ranja\.m2\repository\com\razorpay\razorpay-java\1.3.9\razorpay-java-1.3.9.jar;C:\Users\ranja\.m2\repository\com\squareup\okhttp3\okhttp\4.12.0\okhttp-4.12.0.jar;C:\Users\ranja\.m2\repository\com\squareup\okio\okio\3.6.0\okio-3.6.0.jar;C:\Users\ranja\.m2\repository\com\squareup\okio\okio-jvm\3.6.0\okio-jvm-3.6.0.jar;C:\Users\ranja\.m2\repository\org\jetbrains\kotlin\kotlin-stdlib-common\1.9.24\kotlin-stdlib-common-1.9.24.jar;C:\Users\ranja\.m2\repository\org\jetbrains\kotlin\kotlin-stdlib-jdk8\1.9.24\kotlin-stdlib-jdk8-1.9.24.jar;C:\Users\ranja\.m2\repository\org\jetbrains\kotlin\kotlin-stdlib\1.9.24\kotlin-stdlib-1.9.24.jar;C:\Users\ranja\.m2\repository\org\jetbrains\annotations\13.0\annotations-13.0.jar;C:\Users\ranja\.m2\repository\org\jetbrains\kotlin\kotlin-stdlib-jdk7\1.9.24\kotlin-stdlib-jdk7-1.9.24.jar;C:\Users\ranja\.m2\repository\com\squareup\okhttp3\logging-interceptor\4.12.0\logging-interceptor-4.12.0.jar;C:\Users\ranja\.m2\repository\org\json\json\20180130\json-20180130.jar;C:\Users\ranja\.m2\repository\commons-codec\commons-codec\1.16.1\commons-codec-1.16.1.jar;C:\Users\ranja\.m2\repository\org\apache\commons\commons-text\1.3\commons-text-1.3.jar;C:\Users\ranja\.m2\repository\org\apache\commons\commons-lang3\3.14.0\commons-lang3-3.14.0.jar
Launcher Type: SUN_STANDARD

[Global flags]
     intx CICompilerCount                          = 4                                         {product} {ergonomic}
     uint ConcGCThreads                            = 3                                         {product} {ergonomic}
     uint G1ConcRefinementThreads                  = 10                                        {product} {ergonomic}
   size_t G1HeapRegionSize                         = 1048576                                   {product} {ergonomic}
    uintx GCDrainStackTargetSize                   = 64                                        {product} {ergonomic}
   size_t InitialHeapSize                          = 130023424                                 {product} {ergonomic}
   size_t MarkStackSize                            = 4194304                                   {product} {ergonomic}
   size_t MaxHeapSize                              = 2053111808                                {product} {ergonomic}
   size_t MaxNewSize                               = 1231028224                                {product} {ergonomic}
   size_t MinHeapDeltaBytes                        = 1048576                                   {product} {ergonomic}
   size_t MinHeapSize                              = 8388608                                   {product} {ergonomic}
    uintx NonNMethodCodeHeapSize                   = 5839372                                {pd product} {ergonomic}
    uintx NonProfiledCodeHeapSize                  = 122909434                              {pd product} {ergonomic}
    uintx ProfiledCodeHeapSize                     = 122909434                              {pd product} {ergonomic}
    uintx ReservedCodeCacheSize                    = 251658240                              {pd product} {ergonomic}
     bool SegmentedCodeCache                       = true                                      {product} {ergonomic}
     bool ShowCodeDetailsInExceptionMessages       = true                                   {manageable} {command line}
   size_t SoftMaxHeapSize                          = 2053111808                             {manageable} {ergonomic}
     bool UseCompressedClassPointers               = true                           {product lp64_product} {ergonomic}
     bool UseCompressedOops                        = true                           {product lp64_product} {ergonomic}
     bool UseG1GC                                  = true                                      {product} {ergonomic}
     bool UseLargePagesIndividualAllocation        = false                                  {pd product} {ergonomic}

Logging:
Log output configuration:
 #0: stdout all=warning uptime,level,tags foldmultilines=false
 #1: stderr all=off uptime,level,tags foldmultilines=false

Environment Variables:
CLASSPATH=C:\mysql-connector-j-8.3.0.jar;.;
PATH=C:\Program Files\PowerShell\7;C:\Python312\Scripts\;C:\Python312\;C:\Program Files\Common Files\Oracle\Java\javapath;C:\windows\system32;C:\windows;C:\windows\System32\Wbem;C:\windows\System32\WindowsPowerShell\v1.0\;C:\windows\System32\OpenSSH\;C:\Program Files (x86)\NVIDIA Corporation\PhysX\Common;C:\MinGW\bin;C:\MinGW\bin\g++.exe;C:\WINDOWS\system32;C:\WINDOWS;C:\WINDOWS\System32\Wbem;C:\WINDOWS\System32\WindowsPowerShell\v1.0\;C:\WINDOWS\System32\OpenSSH\;C:\Program Files\Git\cmd;C:\Program Files\MySQL\MySQL Server 8.0\bin;C:\Program Files\HP\HP One Agent;C:\Program Files\Java\jdk-22\bin;C:\Program Files\NVIDIA Corporation\NVIDIA app\NvDLISR;C:\Program Files\nodejs\;C:\ProgramData\chocolatey\bin;C:\Program Files\MySQL\MySQL Shell 8.0\bin\;C:\Users\ranja\AppData\Local\Microsoft\WindowsApps;C:\Users\ranja\AppData\Local\Programs\Microsoft VS Code\bin;C:\Program Files\JetBrains\IntelliJ IDEA Community Edition 2023.3.6\bin;C:\mys;C:\Program Files\MongoDB\Server\8.0\bin;C:\Program Files\PowerShell\7\;C:\Program Files\PuTTY\;C:\Program Files\MySQL\MySQL Shell 8.0\bin\;C:\Users\ranja\AppData\Local\Microsoft\WindowsApps;C:\Users\ranja\AppData\Local\Programs\Microsoft VS Code\bin;C:\Program Files\JetBrains\IntelliJ IDEA Community Edition 2023.3.6\bin;C:\mysql-connector-j-8.3.0.jar;C:\Program Files\Java\jdk-19\bin;C:\Users\ranja\AppData\Local\JetBrains\Toolbox\scripts;C:\Users\ranja\AppData\Roaming\npm;C:\Users\ranja\AppData\Local\Programs\mongosh\
USERNAME=ranja
LANG=en_US.UTF-8
OS=Windows_NT
PROCESSOR_IDENTIFIER=Intel64 Family 6 Model 141 Stepping 1, GenuineIntel
TMP=C:\Users\ranja\AppData\Local\Temp
TEMP=C:\Users\ranja\AppData\Local\Temp



---------------  S Y S T E M  ---------------

OS:
 Windows 11 , 64 bit Build 22621 (10.0.22621.5415)
OS uptime: 1 days 8:03 hours

CPU: total 12 (initial active 12) (6 cores per cpu, 2 threads per core) family 6 model 141 stepping 1 microcode 0x4e, cx8, cmov, fxsr, ht, mmx, 3dnowpref, sse, sse2, sse3, ssse3, sse4.1, sse4.2, popcnt, lzcnt, tsc, tscinvbit, avx, avx2, aes, erms, clmul, bmi1, bmi2, adx, avx512f, avx512dq, avx512cd, avx512bw, avx512vl, sha, fma, vzeroupper, avx512_vpopcntdq, avx512_vpclmulqdq, avx512_vaes, avx512_vnni, clflush, clflushopt, clwb, avx512_vbmi2, avx512_vbmi, rdtscp, rdpid, fsrm, gfni, avx512_bitalg

Memory: 4k page, system-wide physical 7830M (15M free)
TotalPageFile size 31382M (AvailPageFile size 1M)
current process WorkingSet (physical memory assigned to process): 143M, peak: 278M
current process commit charge ("private bytes"): 329M, peak: 340M

vm_info: Java HotSpot(TM) 64-Bit Server VM (19.0.1+10-21) for windows-amd64 JRE (19.0.1+10-21), built on 2022-09-14T12:45:06Z by "mach5one" with MS VC++ 17.1 (VS2022)

END.
